Started GET "/" for 127.0.0.1 at 2018-10-01 22:49:06 +0530
Processing by Rails::WelcomeController#index as HTML
  Rendering /home/anviam/.rvm/gems/ruby-2.3.0@stock/gems/railties-5.2.1/lib/rails/templates/rails/welcome/index.html.erb
  Rendered /home/anviam/.rvm/gems/ruby-2.3.0@stock/gems/railties-5.2.1/lib/rails/templates/rails/welcome/index.html.erb (3.5ms)
Completed 200 OK in 15ms (Views: 6.9ms | ActiveRecord: 0.0ms)


  [1m[35m (0.1ms)[0m  [1m[34mSELECT sqlite_version(*)[0m
  ↳ /home/anviam/.rvm/gems/ruby-2.3.0@stock/bin/rake:23
  [1m[35m (186.6ms)[0m  [1m[35mCREATE TABLE "schema_migrations" ("version" varchar NOT NULL PRIMARY KEY)[0m
  ↳ /home/anviam/.rvm/gems/ruby-2.3.0@stock/bin/rake:23
  [1m[35m (179.0ms)[0m  [1m[35mCREATE TABLE "ar_internal_metadata" ("key" varchar NOT NULL PRIMARY KEY, "value" varchar, "created_at" datetime NOT NULL, "updated_at" datetime NOT NULL)[0m
  ↳ /home/anviam/.rvm/gems/ruby-2.3.0@stock/bin/rake:23
  [1m[36mActiveRecord::InternalMetadata Load (0.4ms)[0m  [1m[34mSELECT  "ar_internal_metadata".* FROM "ar_internal_metadata" WHERE "ar_internal_metadata"."key" = ? LIMIT ?[0m  [["key", "environment"], ["LIMIT", 1]]
  ↳ /home/anviam/.rvm/gems/ruby-2.3.0@stock/bin/rake:23
  [1m[35m (0.1ms)[0m  [1m[36mbegin transaction[0m
  ↳ /home/anviam/.rvm/gems/ruby-2.3.0@stock/bin/rake:23
  [1m[36mActiveRecord::InternalMetadata Create (0.8ms)[0m  [1m[32mINSERT INTO "ar_internal_metadata" ("key", "value", "created_at", "updated_at") VALUES (?, ?, ?, ?)[0m  [["key", "environment"], ["value", "development"], ["created_at", "2018-10-02 05:20:24.690123"], ["updated_at", "2018-10-02 05:20:24.690123"]]
  ↳ /home/anviam/.rvm/gems/ruby-2.3.0@stock/bin/rake:23
  [1m[35m (98.4ms)[0m  [1m[36mcommit transaction[0m
  ↳ /home/anviam/.rvm/gems/ruby-2.3.0@stock/bin/rake:23
  [1m[35m (0.3ms)[0m  [1m[34mSELECT "schema_migrations"."version" FROM "schema_migrations" ORDER BY "schema_migrations"."version" ASC[0m
  ↳ /home/anviam/.rvm/gems/ruby-2.3.0@stock/bin/rake:23
  [1m[36mActiveRecord::InternalMetadata Load (0.3ms)[0m  [1m[34mSELECT  "ar_internal_metadata".* FROM "ar_internal_metadata" WHERE "ar_internal_metadata"."key" = ? LIMIT ?[0m  [["key", "environment"], ["LIMIT", 1]]
  ↳ /home/anviam/.rvm/gems/ruby-2.3.1@stock/bin/rake:23
  [1m[35m (0.1ms)[0m  [1m[36mbegin transaction[0m
  ↳ /home/anviam/.rvm/gems/ruby-2.3.1@stock/bin/rake:23
  [1m[35m (0.1ms)[0m  [1m[36mcommit transaction[0m
  ↳ /home/anviam/.rvm/gems/ruby-2.3.1@stock/bin/rake:23
  [1m[35m (0.2ms)[0m  [1m[34mSELECT "schema_migrations"."version" FROM "schema_migrations" ORDER BY "schema_migrations"."version" ASC[0m
  ↳ /home/anviam/.rvm/gems/ruby-2.3.1@stock/bin/rake:23
  [1m[36mActiveRecord::InternalMetadata Load (0.2ms)[0m  [1m[34mSELECT  "ar_internal_metadata".* FROM "ar_internal_metadata" WHERE "ar_internal_metadata"."key" = ? LIMIT ?[0m  [["key", "environment"], ["LIMIT", 1]]
  ↳ /home/anviam/.rvm/gems/ruby-2.3.1@stock/bin/rake:23
  [1m[35m (0.1ms)[0m  [1m[36mbegin transaction[0m
  ↳ /home/anviam/.rvm/gems/ruby-2.3.1@stock/bin/rake:23
  [1m[35m (0.1ms)[0m  [1m[36mcommit transaction[0m
  ↳ /home/anviam/.rvm/gems/ruby-2.3.1@stock/bin/rake:23
  [1m[35m (0.1ms)[0m  [1m[34mSELECT "schema_migrations"."version" FROM "schema_migrations" ORDER BY "schema_migrations"."version" ASC[0m
  ↳ /home/anviam/.rvm/gems/ruby-2.3.1@stock/bin/rake:23
Started GET "/" for 127.0.0.1 at 2018-10-02 11:09:44 +0530
Processing by WelcomeController#index as HTML
  Rendering welcome/index.html.erb within layouts/application
  Rendered welcome/index.html.erb within layouts/application (2.1ms)
Completed 200 OK in 1468ms (Views: 1443.5ms | ActiveRecord: 0.0ms)


  [1m[35m (0.1ms)[0m  [1m[34mSELECT "schema_migrations"."version" FROM "schema_migrations" ORDER BY "schema_migrations"."version" ASC[0m
  ↳ bin/rails:9
Migrating to DeviseCreateUsers (20181002054712)
  [1m[35m (0.0ms)[0m  [1m[36mbegin transaction[0m
  ↳ bin/rails:9
  [1m[35m (0.1ms)[0m  [1m[34mSELECT sqlite_version(*)[0m
  ↳ db/migrate/20181002054712_devise_create_users.rb:5
  [1m[35m (0.3ms)[0m  [1m[35mCREATE TABLE "users" ("id" integer PRIMARY KEY AUTOINCREMENT NOT NULL, "email" varchar DEFAULT '' NOT NULL, "encrypted_password" varchar DEFAULT '' NOT NULL, "reset_password_token" varchar, "reset_password_sent_at" datetime, "remember_created_at" datetime, "created_at" datetime NOT NULL, "updated_at" datetime NOT NULL)[0m
  ↳ db/migrate/20181002054712_devise_create_users.rb:5
  [1m[35m (0.1ms)[0m  [1m[35mCREATE UNIQUE INDEX "index_users_on_email" ON "users" ("email")[0m
  ↳ db/migrate/20181002054712_devise_create_users.rb:39
  [1m[35m (0.1ms)[0m  [1m[35mCREATE UNIQUE INDEX "index_users_on_reset_password_token" ON "users" ("reset_password_token")[0m
  ↳ db/migrate/20181002054712_devise_create_users.rb:40
  [1m[36mActiveRecord::SchemaMigration Create (0.1ms)[0m  [1m[32mINSERT INTO "schema_migrations" ("version") VALUES (?)[0m  [["version", "20181002054712"]]
  ↳ bin/rails:9
  [1m[35m (134.7ms)[0m  [1m[36mcommit transaction[0m
  ↳ bin/rails:9
  [1m[36mActiveRecord::InternalMetadata Load (0.4ms)[0m  [1m[34mSELECT  "ar_internal_metadata".* FROM "ar_internal_metadata" WHERE "ar_internal_metadata"."key" = ? LIMIT ?[0m  [["key", "environment"], ["LIMIT", 1]]
  ↳ bin/rails:9
  [1m[35m (0.2ms)[0m  [1m[36mbegin transaction[0m
  ↳ bin/rails:9
  [1m[35m (0.1ms)[0m  [1m[36mcommit transaction[0m
  ↳ bin/rails:9
  [1m[35m (0.2ms)[0m  [1m[34mSELECT "schema_migrations"."version" FROM "schema_migrations" ORDER BY "schema_migrations"."version" ASC[0m
  ↳ bin/rails:9
Started GET "/" for 127.0.0.1 at 2018-10-02 11:23:53 +0530
  [1m[35m (0.1ms)[0m  [1m[34mSELECT "schema_migrations"."version" FROM "schema_migrations" ORDER BY "schema_migrations"."version" ASC[0m
  ↳ /home/anviam/.rvm/gems/ruby-2.3.1@stock/gems/activerecord-5.2.1/lib/active_record/log_subscriber.rb:98
Processing by WelcomeController#index as HTML
Completed 401 Unauthorized in 14ms (ActiveRecord: 0.0ms)


Started GET "/users/sign_in" for 127.0.0.1 at 2018-10-02 11:23:53 +0530
Processing by Devise::SessionsController#new as HTML
  Rendering /home/anviam/.rvm/gems/ruby-2.3.1@stock/gems/devise-4.5.0/app/views/devise/sessions/new.html.erb within layouts/application
  Rendered /home/anviam/.rvm/gems/ruby-2.3.1@stock/gems/devise-4.5.0/app/views/devise/shared/_links.html.erb (1.7ms)
  Rendered /home/anviam/.rvm/gems/ruby-2.3.1@stock/gems/devise-4.5.0/app/views/devise/sessions/new.html.erb within layouts/application (16.7ms)
Completed 200 OK in 249ms (Views: 234.5ms | ActiveRecord: 0.9ms)


Started GET "/users/sign_up" for 127.0.0.1 at 2018-10-02 11:23:58 +0530
Processing by Devise::RegistrationsController#new as HTML
  Rendering /home/anviam/.rvm/gems/ruby-2.3.1@stock/gems/devise-4.5.0/app/views/devise/registrations/new.html.erb within layouts/application
  Rendered /home/anviam/.rvm/gems/ruby-2.3.1@stock/gems/devise-4.5.0/app/views/devise/shared/_links.html.erb (1.1ms)
  Rendered /home/anviam/.rvm/gems/ruby-2.3.1@stock/gems/devise-4.5.0/app/views/devise/registrations/new.html.erb within layouts/application (6.3ms)
Completed 200 OK in 27ms (Views: 25.1ms | ActiveRecord: 0.0ms)


Started POST "/users" for 127.0.0.1 at 2018-10-02 11:24:14 +0530
Processing by Devise::RegistrationsController#create as HTML
  Parameters: {"utf8"=>"✓", "authenticity_token"=>"Dj2hMGf5Vp0I3WO3UHVBKhMb8IxkHafMZd7ah6FGJQ0ep9zwOPEvIbr+pMWOhO2p8V03bhCNicq7wYQ6o2U+5Q==", "user"=>{"email"=>"ali@anviam.com", "password"=>"[FILTERED]", "password_confirmation"=>"[FILTERED]"}, "commit"=>"Sign up"}
  [1m[35m (0.1ms)[0m  [1m[36mbegin transaction[0m
  ↳ /home/anviam/.rvm/gems/ruby-2.3.1@stock/gems/activerecord-5.2.1/lib/active_record/log_subscriber.rb:98
  [1m[36mUser Exists (0.2ms)[0m  [1m[34mSELECT  1 AS one FROM "users" WHERE "users"."email" = ? LIMIT ?[0m  [["email", "ali@anviam.com"], ["LIMIT", 1]]
  ↳ /home/anviam/.rvm/gems/ruby-2.3.1@stock/gems/activerecord-5.2.1/lib/active_record/log_subscriber.rb:98
  [1m[36mUser Create (0.6ms)[0m  [1m[32mINSERT INTO "users" ("email", "encrypted_password", "created_at", "updated_at") VALUES (?, ?, ?, ?)[0m  [["email", "ali@anviam.com"], ["encrypted_password", "$2a$11$.pO977yuVbkFQX5NZ4g63uNVykleW6dGf7Pd9ZuSBj1uBmLFgL/0S"], ["created_at", "2018-10-02 05:54:14.219839"], ["updated_at", "2018-10-02 05:54:14.219839"]]
  ↳ /home/anviam/.rvm/gems/ruby-2.3.1@stock/gems/activerecord-5.2.1/lib/active_record/log_subscriber.rb:98
  [1m[35m (97.2ms)[0m  [1m[36mcommit transaction[0m
  ↳ /home/anviam/.rvm/gems/ruby-2.3.1@stock/gems/activerecord-5.2.1/lib/active_record/log_subscriber.rb:98
Redirected to http://localhost:3000/
Completed 302 Found in 245ms (ActiveRecord: 98.0ms)


Started GET "/" for 127.0.0.1 at 2018-10-02 11:24:14 +0530
Processing by WelcomeController#index as HTML
  [1m[36mUser Load (0.6ms)[0m  [1m[34mSELECT  "users".* FROM "users" WHERE "users"."id" = ? ORDER BY "users"."id" ASC LIMIT ?[0m  [["id", 1], ["LIMIT", 1]]
  ↳ /home/anviam/.rvm/gems/ruby-2.3.1@stock/gems/activerecord-5.2.1/lib/active_record/log_subscriber.rb:98
  Rendering welcome/index.html.erb within layouts/application
  Rendered welcome/index.html.erb within layouts/application (1.0ms)
Completed 200 OK in 29ms (Views: 21.7ms | ActiveRecord: 0.6ms)


Started GET "/users/sign_out" for 127.0.0.1 at 2018-10-02 11:24:19 +0530
  
ActionController::RoutingError (No route matches [GET] "/users/sign_out"):
  
actionpack (5.2.1) lib/action_dispatch/middleware/debug_exceptions.rb:65:in `call'
web-console (3.7.0) lib/web_console/middleware.rb:135:in `call_app'
web-console (3.7.0) lib/web_console/middleware.rb:30:in `block in call'
web-console (3.7.0) lib/web_console/middleware.rb:20:in `catch'
web-console (3.7.0) lib/web_console/middleware.rb:20:in `call'
actionpack (5.2.1) lib/action_dispatch/middleware/show_exceptions.rb:33:in `call'
railties (5.2.1) lib/rails/rack/logger.rb:38:in `call_app'
railties (5.2.1) lib/rails/rack/logger.rb:26:in `block in call'
activesupport (5.2.1) lib/active_support/tagged_logging.rb:71:in `block in tagged'
activesupport (5.2.1) lib/active_support/tagged_logging.rb:28:in `tagged'
activesupport (5.2.1) lib/active_support/tagged_logging.rb:71:in `tagged'
railties (5.2.1) lib/rails/rack/logger.rb:26:in `call'
sprockets-rails (3.2.1) lib/sprockets/rails/quiet_assets.rb:13:in `call'
actionpack (5.2.1) lib/action_dispatch/middleware/remote_ip.rb:81:in `call'
actionpack (5.2.1) lib/action_dispatch/middleware/request_id.rb:27:in `call'
rack (2.0.5) lib/rack/method_override.rb:22:in `call'
rack (2.0.5) lib/rack/runtime.rb:22:in `call'
activesupport (5.2.1) lib/active_support/cache/strategy/local_cache_middleware.rb:29:in `call'
actionpack (5.2.1) lib/action_dispatch/middleware/executor.rb:14:in `call'
actionpack (5.2.1) lib/action_dispatch/middleware/static.rb:127:in `call'
rack (2.0.5) lib/rack/sendfile.rb:111:in `call'
railties (5.2.1) lib/rails/engine.rb:524:in `call'
puma (3.12.0) lib/puma/configuration.rb:225:in `call'
puma (3.12.0) lib/puma/server.rb:658:in `handle_request'
puma (3.12.0) lib/puma/server.rb:472:in `process_client'
puma (3.12.0) lib/puma/server.rb:332:in `block in run'
puma (3.12.0) lib/puma/thread_pool.rb:133:in `block in spawn_thread'
Started GET "/" for 127.0.0.1 at 2018-10-02 11:25:19 +0530
Processing by WelcomeController#index as HTML
  [1m[36mUser Load (0.4ms)[0m  [1m[34mSELECT  "users".* FROM "users" WHERE "users"."id" = ? ORDER BY "users"."id" ASC LIMIT ?[0m  [["id", 1], ["LIMIT", 1]]
  ↳ /home/anviam/.rvm/gems/ruby-2.3.1@stock/gems/activerecord-5.2.1/lib/active_record/log_subscriber.rb:98
  Rendering welcome/index.html.erb within layouts/application
  Rendered welcome/index.html.erb within layouts/application (0.6ms)
Completed 200 OK in 25ms (Views: 20.3ms | ActiveRecord: 0.4ms)


Started GET "/" for 127.0.0.1 at 2018-10-02 11:25:39 +0530
Processing by WelcomeController#index as HTML
  [1m[36mUser Load (0.2ms)[0m  [1m[34mSELECT  "users".* FROM "users" WHERE "users"."id" = ? ORDER BY "users"."id" ASC LIMIT ?[0m  [["id", 1], ["LIMIT", 1]]
  ↳ /home/anviam/.rvm/gems/ruby-2.3.1@stock/gems/activerecord-5.2.1/lib/active_record/log_subscriber.rb:98
  Rendering welcome/index.html.erb within layouts/application
  Rendered welcome/index.html.erb within layouts/application (0.5ms)
Completed 200 OK in 18ms (Views: 15.6ms | ActiveRecord: 0.2ms)


Started DELETE "/users/sign_out" for 127.0.0.1 at 2018-10-02 11:25:41 +0530
Processing by Devise::SessionsController#destroy as HTML
  Parameters: {"authenticity_token"=>"/bti6SRmed8ipijt5xWOU+/251YS6+Qlye1JLDb1RlsNeKuctJgXNRl2NcpyCHG3fuayoZ/rx6K81P2wOCg11w=="}
  [1m[36mUser Load (0.5ms)[0m  [1m[34mSELECT  "users".* FROM "users" WHERE "users"."id" = ? ORDER BY "users"."id" ASC LIMIT ?[0m  [["id", 1], ["LIMIT", 1]]
  ↳ /home/anviam/.rvm/gems/ruby-2.3.1@stock/gems/activerecord-5.2.1/lib/active_record/log_subscriber.rb:98
  [1m[35m (0.2ms)[0m  [1m[36mbegin transaction[0m
  ↳ /home/anviam/.rvm/gems/ruby-2.3.1@stock/gems/activerecord-5.2.1/lib/active_record/log_subscriber.rb:98
  [1m[35m (0.1ms)[0m  [1m[36mcommit transaction[0m
  ↳ /home/anviam/.rvm/gems/ruby-2.3.1@stock/gems/activerecord-5.2.1/lib/active_record/log_subscriber.rb:98
Redirected to http://localhost:3000/
Completed 302 Found in 24ms (ActiveRecord: 0.7ms)


Started GET "/" for 127.0.0.1 at 2018-10-02 11:25:41 +0530
Processing by WelcomeController#index as HTML
Completed 401 Unauthorized in 1ms (ActiveRecord: 0.0ms)


Started GET "/users/sign_in" for 127.0.0.1 at 2018-10-02 11:25:41 +0530
Processing by Devise::SessionsController#new as HTML
  Rendering /home/anviam/.rvm/gems/ruby-2.3.1@stock/gems/devise-4.5.0/app/views/devise/sessions/new.html.erb within layouts/application
  Rendered /home/anviam/.rvm/gems/ruby-2.3.1@stock/gems/devise-4.5.0/app/views/devise/shared/_links.html.erb (0.9ms)
  Rendered /home/anviam/.rvm/gems/ruby-2.3.1@stock/gems/devise-4.5.0/app/views/devise/sessions/new.html.erb within layouts/application (4.1ms)
Completed 200 OK in 37ms (Views: 36.3ms | ActiveRecord: 0.0ms)


Started POST "/users/sign_in" for 127.0.0.1 at 2018-10-02 11:25:46 +0530
Processing by Devise::SessionsController#create as HTML
  Parameters: {"utf8"=>"✓", "authenticity_token"=>"RejEM4JhwqwgCjUJ2N/zthiXEnJg0Z2X1lpja8oy7GumDbntsrg1cydh4eNAhMe0OrV60c3F1Py/n99qoxr1FA==", "user"=>{"email"=>"ali@anviam.com", "password"=>"[FILTERED]", "remember_me"=>"0"}, "commit"=>"Log in"}
  [1m[36mUser Load (0.6ms)[0m  [1m[34mSELECT  "users".* FROM "users" WHERE "users"."email" = ? ORDER BY "users"."id" ASC LIMIT ?[0m  [["email", "ali@anviam.com"], ["LIMIT", 1]]
  ↳ /home/anviam/.rvm/gems/ruby-2.3.1@stock/gems/activerecord-5.2.1/lib/active_record/log_subscriber.rb:98
Redirected to http://localhost:3000/
Completed 302 Found in 145ms (ActiveRecord: 0.6ms)


Started GET "/" for 127.0.0.1 at 2018-10-02 11:25:46 +0530
Processing by WelcomeController#index as HTML
  [1m[36mUser Load (0.3ms)[0m  [1m[34mSELECT  "users".* FROM "users" WHERE "users"."id" = ? ORDER BY "users"."id" ASC LIMIT ?[0m  [["id", 1], ["LIMIT", 1]]
  ↳ /home/anviam/.rvm/gems/ruby-2.3.1@stock/gems/activerecord-5.2.1/lib/active_record/log_subscriber.rb:98
  Rendering welcome/index.html.erb within layouts/application
  Rendered welcome/index.html.erb within layouts/application (0.5ms)
Completed 200 OK in 20ms (Views: 18.2ms | ActiveRecord: 0.3ms)


Started DELETE "/users/sign_out" for 127.0.0.1 at 2018-10-02 11:25:48 +0530
Processing by Devise::SessionsController#destroy as HTML
  Parameters: {"authenticity_token"=>"xNhig503jG1dxTf+g/kFhKfw2XR9kpd8mNyqx6Ce56pQHNodEVzzSPvxAR9gMgVIkE2e99vrqpaVDtYHGfK9Hw=="}
  [1m[36mUser Load (0.5ms)[0m  [1m[34mSELECT  "users".* FROM "users" WHERE "users"."id" = ? ORDER BY "users"."id" ASC LIMIT ?[0m  [["id", 1], ["LIMIT", 1]]
  ↳ /home/anviam/.rvm/gems/ruby-2.3.1@stock/gems/activerecord-5.2.1/lib/active_record/log_subscriber.rb:98
  [1m[35m (0.1ms)[0m  [1m[36mbegin transaction[0m
  ↳ /home/anviam/.rvm/gems/ruby-2.3.1@stock/gems/activerecord-5.2.1/lib/active_record/log_subscriber.rb:98
  [1m[35m (0.1ms)[0m  [1m[36mcommit transaction[0m
  ↳ /home/anviam/.rvm/gems/ruby-2.3.1@stock/gems/activerecord-5.2.1/lib/active_record/log_subscriber.rb:98
Redirected to http://localhost:3000/
Completed 302 Found in 12ms (ActiveRecord: 0.7ms)


Started GET "/" for 127.0.0.1 at 2018-10-02 11:25:48 +0530
Processing by WelcomeController#index as HTML
Completed 401 Unauthorized in 1ms (ActiveRecord: 0.0ms)


Started GET "/users/sign_in" for 127.0.0.1 at 2018-10-02 11:25:48 +0530
Processing by Devise::SessionsController#new as HTML
  Rendering /home/anviam/.rvm/gems/ruby-2.3.1@stock/gems/devise-4.5.0/app/views/devise/sessions/new.html.erb within layouts/application
  Rendered /home/anviam/.rvm/gems/ruby-2.3.1@stock/gems/devise-4.5.0/app/views/devise/shared/_links.html.erb (1.3ms)
  Rendered /home/anviam/.rvm/gems/ruby-2.3.1@stock/gems/devise-4.5.0/app/views/devise/sessions/new.html.erb within layouts/application (5.0ms)
Completed 200 OK in 27ms (Views: 24.8ms | ActiveRecord: 0.0ms)


Started POST "/users/sign_in" for 127.0.0.1 at 2018-10-02 11:25:49 +0530
Processing by Devise::SessionsController#create as HTML
  Parameters: {"utf8"=>"✓", "authenticity_token"=>"WL33X5Mf2TC1tR3IZ/YCKbfKQw9biJ9V1s1vO+dfjujXe12DoZ9OVkJAHS+6cw4KrkCT0+oFeo+bFnyS9CsIFA==", "user"=>{"email"=>"ali@anviam.com", "password"=>"[FILTERED]", "remember_me"=>"0"}, "commit"=>"Log in"}
  [1m[36mUser Load (0.7ms)[0m  [1m[34mSELECT  "users".* FROM "users" WHERE "users"."email" = ? ORDER BY "users"."id" ASC LIMIT ?[0m  [["email", "ali@anviam.com"], ["LIMIT", 1]]
  ↳ /home/anviam/.rvm/gems/ruby-2.3.1@stock/gems/activerecord-5.2.1/lib/active_record/log_subscriber.rb:98
Redirected to http://localhost:3000/
Completed 302 Found in 145ms (ActiveRecord: 0.7ms)


Started GET "/" for 127.0.0.1 at 2018-10-02 11:25:49 +0530
Processing by WelcomeController#index as HTML
  [1m[36mUser Load (0.1ms)[0m  [1m[34mSELECT  "users".* FROM "users" WHERE "users"."id" = ? ORDER BY "users"."id" ASC LIMIT ?[0m  [["id", 1], ["LIMIT", 1]]
  ↳ /home/anviam/.rvm/gems/ruby-2.3.1@stock/gems/activerecord-5.2.1/lib/active_record/log_subscriber.rb:98
  Rendering welcome/index.html.erb within layouts/application
  Rendered welcome/index.html.erb within layouts/application (0.5ms)
Completed 200 OK in 21ms (Views: 19.7ms | ActiveRecord: 0.1ms)


Started GET "/" for 127.0.0.1 at 2018-10-02 11:44:33 +0530
  [1m[35m (0.1ms)[0m  [1m[34mSELECT "schema_migrations"."version" FROM "schema_migrations" ORDER BY "schema_migrations"."version" ASC[0m
  ↳ /home/anviam/.rvm/gems/ruby-2.3.1@stock/gems/activerecord-5.2.1/lib/active_record/log_subscriber.rb:98
Processing by WelcomeController#index as HTML
  [1m[36mUser Load (0.2ms)[0m  [1m[34mSELECT  "users".* FROM "users" WHERE "users"."id" = ? ORDER BY "users"."id" ASC LIMIT ?[0m  [["id", 1], ["LIMIT", 1]]
  ↳ /home/anviam/.rvm/gems/ruby-2.3.1@stock/gems/activerecord-5.2.1/lib/active_record/log_subscriber.rb:98
  Rendering welcome/index.html.erb within layouts/application
  Rendered welcome/index.html.erb within layouts/application (1.1ms)
Completed 500 Internal Server Error in 142ms (ActiveRecord: 0.7ms)


  
ActionView::Template::Error (couldn't find file 'devise_bootstrap_views' with type 'text/css'
Checked in these paths: 
  /home/anviam/projects/stock/app/assets/config
  /home/anviam/projects/stock/app/assets/images
  /home/anviam/projects/stock/app/assets/javascripts
  /home/anviam/projects/stock/app/assets/stylesheets
  /home/anviam/.rvm/gems/ruby-2.3.1@stock/gems/coffee-rails-4.2.2/lib/assets/javascripts
  /home/anviam/.rvm/gems/ruby-2.3.1@stock/gems/jquery-rails-4.3.3/vendor/assets/javascripts
  /home/anviam/.rvm/gems/ruby-2.3.1@stock/gems/twitter-bootstrap-rails-4.0.0/app/assets/fonts
  /home/anviam/.rvm/gems/ruby-2.3.1@stock/gems/twitter-bootstrap-rails-4.0.0/app/assets/javascripts
  /home/anviam/.rvm/gems/ruby-2.3.1@stock/gems/twitter-bootstrap-rails-4.0.0/app/assets/stylesheets
  /home/anviam/.rvm/gems/ruby-2.3.1@stock/gems/twitter-bootstrap-rails-4.0.0/vendor/assets/stylesheets
  /home/anviam/.rvm/gems/ruby-2.3.1@stock/gems/actioncable-5.2.1/lib/assets/compiled
  /home/anviam/.rvm/gems/ruby-2.3.1@stock/gems/activestorage-5.2.1/app/assets/javascripts
  /home/anviam/.rvm/gems/ruby-2.3.1@stock/gems/actionview-5.2.1/lib/assets/compiled
  /home/anviam/.rvm/gems/ruby-2.3.1@stock/gems/turbolinks-source-5.2.0/lib/assets/javascripts
  /home/anviam/projects/stock/node_modules):
     7:     <title><%= content_for?(:title) ? yield(:title) : "Stock" %></title>
     8:     <%= csrf_meta_tags %>
     9: 
    10:     <%= stylesheet_link_tag "application", :media => "all" %>
    11: 
    12:     <!-- For third-generation iPad with high-resolution Retina display: -->
    13:     <!-- Size should be 144 x 144 pixels -->
  
app/assets/stylesheets/application.css:13
app/views/layouts/application.html.erb:10:in `_app_views_layouts_application_html_erb__2086171417863396743_38909660'
Started GET "/" for 127.0.0.1 at 2018-10-02 11:45:23 +0530
  [1m[35m (0.2ms)[0m  [1m[34mSELECT "schema_migrations"."version" FROM "schema_migrations" ORDER BY "schema_migrations"."version" ASC[0m
  ↳ /home/anviam/.rvm/gems/ruby-2.3.1@stock/gems/activerecord-5.2.1/lib/active_record/log_subscriber.rb:98
Processing by WelcomeController#index as HTML
  [1m[36mUser Load (0.3ms)[0m  [1m[34mSELECT  "users".* FROM "users" WHERE "users"."id" = ? ORDER BY "users"."id" ASC LIMIT ?[0m  [["id", 1], ["LIMIT", 1]]
  ↳ /home/anviam/.rvm/gems/ruby-2.3.1@stock/gems/activerecord-5.2.1/lib/active_record/log_subscriber.rb:98
  Rendering welcome/index.html.erb within layouts/application
  Rendered welcome/index.html.erb within layouts/application (0.8ms)
Completed 500 Internal Server Error in 347ms (ActiveRecord: 0.9ms)


  
ActionView::Template::Error (The asset "apple-touch-icon-144x144-precomposed.png" is not present in the asset pipeline.):
    11: 
    12:     <!-- For third-generation iPad with high-resolution Retina display: -->
    13:     <!-- Size should be 144 x 144 pixels -->
    14:     <%= favicon_link_tag 'apple-touch-icon-144x144-precomposed.png', :rel => 'apple-touch-icon-precomposed', :type => 'image/png', :sizes => '144x144' %>
    15: 
    16:     <!-- For iPhone with high-resolution Retina display: -->
    17:     <!-- Size should be 114 x 114 pixels -->
  
app/views/layouts/application.html.erb:14:in `_app_views_layouts_application_html_erb__3692535859832381138_39535100'
Started GET "/" for 127.0.0.1 at 2018-10-02 11:48:48 +0530
  [1m[35m (0.2ms)[0m  [1m[34mSELECT "schema_migrations"."version" FROM "schema_migrations" ORDER BY "schema_migrations"."version" ASC[0m
  ↳ /home/anviam/.rvm/gems/ruby-2.3.1@stock/gems/activerecord-5.2.1/lib/active_record/log_subscriber.rb:98
Processing by WelcomeController#index as HTML
  [1m[36mUser Load (0.2ms)[0m  [1m[34mSELECT  "users".* FROM "users" WHERE "users"."id" = ? ORDER BY "users"."id" ASC LIMIT ?[0m  [["id", 1], ["LIMIT", 1]]
  ↳ /home/anviam/.rvm/gems/ruby-2.3.1@stock/gems/activerecord-5.2.1/lib/active_record/log_subscriber.rb:98
  Rendering welcome/index.html.erb within layouts/application
  Rendered welcome/index.html.erb within layouts/application (0.9ms)
Completed 500 Internal Server Error in 151ms (ActiveRecord: 0.9ms)


  
ActionView::Template::Error (couldn't find file 'devise_bootstrap_views' with type 'text/css'
Checked in these paths: 
  /home/anviam/projects/stock/app/assets/config
  /home/anviam/projects/stock/app/assets/images
  /home/anviam/projects/stock/app/assets/javascripts
  /home/anviam/projects/stock/app/assets/stylesheets
  /home/anviam/.rvm/gems/ruby-2.3.1@stock/gems/coffee-rails-4.2.2/lib/assets/javascripts
  /home/anviam/.rvm/gems/ruby-2.3.1@stock/gems/jquery-rails-4.3.3/vendor/assets/javascripts
  /home/anviam/.rvm/gems/ruby-2.3.1@stock/gems/twitter-bootstrap-rails-4.0.0/app/assets/fonts
  /home/anviam/.rvm/gems/ruby-2.3.1@stock/gems/twitter-bootstrap-rails-4.0.0/app/assets/javascripts
  /home/anviam/.rvm/gems/ruby-2.3.1@stock/gems/twitter-bootstrap-rails-4.0.0/app/assets/stylesheets
  /home/anviam/.rvm/gems/ruby-2.3.1@stock/gems/twitter-bootstrap-rails-4.0.0/vendor/assets/stylesheets
  /home/anviam/.rvm/gems/ruby-2.3.1@stock/gems/actioncable-5.2.1/lib/assets/compiled
  /home/anviam/.rvm/gems/ruby-2.3.1@stock/gems/activestorage-5.2.1/app/assets/javascripts
  /home/anviam/.rvm/gems/ruby-2.3.1@stock/gems/actionview-5.2.1/lib/assets/compiled
  /home/anviam/.rvm/gems/ruby-2.3.1@stock/gems/turbolinks-source-5.2.0/lib/assets/javascripts
  /home/anviam/projects/stock/node_modules):
     7:     <title><%= content_for?(:title) ? yield(:title) : "Stock" %></title>
     8:     <%= csrf_meta_tags %>
     9: 
    10:     <%= stylesheet_link_tag "application", :media => "all" %>
    11: 
    12:     <!-- For third-generation iPad with high-resolution Retina display: -->
    13:     <!-- Size should be 144 x 144 pixels -->
  
app/assets/stylesheets/application.css:13
app/views/layouts/application.html.erb:10:in `_app_views_layouts_application_html_erb___2151250661792591464_37352060'
Started GET "/" for 127.0.0.1 at 2018-10-02 11:49:43 +0530
  [1m[35m (0.2ms)[0m  [1m[34mSELECT "schema_migrations"."version" FROM "schema_migrations" ORDER BY "schema_migrations"."version" ASC[0m
  ↳ /home/anviam/.rvm/gems/ruby-2.3.1@stock/gems/activerecord-5.2.1/lib/active_record/log_subscriber.rb:98
Processing by WelcomeController#index as HTML
  [1m[36mUser Load (0.2ms)[0m  [1m[34mSELECT  "users".* FROM "users" WHERE "users"."id" = ? ORDER BY "users"."id" ASC LIMIT ?[0m  [["id", 1], ["LIMIT", 1]]
  ↳ /home/anviam/.rvm/gems/ruby-2.3.1@stock/gems/activerecord-5.2.1/lib/active_record/log_subscriber.rb:98
  Rendering welcome/index.html.erb within layouts/application
  Rendered welcome/index.html.erb within layouts/application (0.9ms)
Completed 500 Internal Server Error in 150ms (ActiveRecord: 1.0ms)


  
ActionView::Template::Error (couldn't find file 'devise_bootstrap_views' with type 'text/css'
Checked in these paths: 
  /home/anviam/projects/stock/app/assets/config
  /home/anviam/projects/stock/app/assets/images
  /home/anviam/projects/stock/app/assets/javascripts
  /home/anviam/projects/stock/app/assets/stylesheets
  /home/anviam/.rvm/gems/ruby-2.3.1@stock/gems/coffee-rails-4.2.2/lib/assets/javascripts
  /home/anviam/.rvm/gems/ruby-2.3.1@stock/gems/jquery-rails-4.3.3/vendor/assets/javascripts
  /home/anviam/.rvm/gems/ruby-2.3.1@stock/gems/twitter-bootstrap-rails-4.0.0/app/assets/fonts
  /home/anviam/.rvm/gems/ruby-2.3.1@stock/gems/twitter-bootstrap-rails-4.0.0/app/assets/javascripts
  /home/anviam/.rvm/gems/ruby-2.3.1@stock/gems/twitter-bootstrap-rails-4.0.0/app/assets/stylesheets
  /home/anviam/.rvm/gems/ruby-2.3.1@stock/gems/twitter-bootstrap-rails-4.0.0/vendor/assets/stylesheets
  /home/anviam/.rvm/gems/ruby-2.3.1@stock/gems/actioncable-5.2.1/lib/assets/compiled
  /home/anviam/.rvm/gems/ruby-2.3.1@stock/gems/activestorage-5.2.1/app/assets/javascripts
  /home/anviam/.rvm/gems/ruby-2.3.1@stock/gems/actionview-5.2.1/lib/assets/compiled
  /home/anviam/.rvm/gems/ruby-2.3.1@stock/gems/turbolinks-source-5.2.0/lib/assets/javascripts
  /home/anviam/projects/stock/node_modules):
     7:     <title><%= content_for?(:title) ? yield(:title) : "Stock" %></title>
     8:     <%= csrf_meta_tags %>
     9: 
    10:     <%= stylesheet_link_tag "application", :media => "all" %>
    11: 
    12:     <!-- For third-generation iPad with high-resolution Retina display: -->
    13:     <!-- Size should be 144 x 144 pixels -->
  
app/assets/stylesheets/application.scss:13
app/views/layouts/application.html.erb:10:in `_app_views_layouts_application_html_erb__1872095036836664221_30650220'
Started GET "/" for 127.0.0.1 at 2018-10-02 11:51:56 +0530
  [1m[35m (0.1ms)[0m  [1m[34mSELECT "schema_migrations"."version" FROM "schema_migrations" ORDER BY "schema_migrations"."version" ASC[0m
  ↳ /home/anviam/.rvm/gems/ruby-2.3.1@stock/gems/activerecord-5.2.1/lib/active_record/log_subscriber.rb:98
Processing by WelcomeController#index as HTML
  [1m[36mUser Load (0.3ms)[0m  [1m[34mSELECT  "users".* FROM "users" WHERE "users"."id" = ? ORDER BY "users"."id" ASC LIMIT ?[0m  [["id", 1], ["LIMIT", 1]]
  ↳ /home/anviam/.rvm/gems/ruby-2.3.1@stock/gems/activerecord-5.2.1/lib/active_record/log_subscriber.rb:98
  Rendering welcome/index.html.erb within layouts/application
  Rendered welcome/index.html.erb within layouts/application (1.2ms)
Completed 500 Internal Server Error in 188ms (ActiveRecord: 1.1ms)


  
ActionView::Template::Error (The asset "apple-touch-icon-144x144-precomposed.png" is not present in the asset pipeline.):
    12:     <link rel="stylesheet" href="//maxcdn.bootstrapcdn.com/bootstrap/3.0.3/css/bootstrap-theme.css">
    13:     <!-- For third-generation iPad with high-resolution Retina display: -->
    14:     <!-- Size should be 144 x 144 pixels -->
    15:     <%= favicon_link_tag 'apple-touch-icon-144x144-precomposed.png', :rel => 'apple-touch-icon-precomposed', :type => 'image/png', :sizes => '144x144' %>
    16: 
    17:     <!-- For iPhone with high-resolution Retina display: -->
    18:     <!-- Size should be 114 x 114 pixels -->
  
app/views/layouts/application.html.erb:15:in `_app_views_layouts_application_html_erb___2124772181960498906_33372660'
Started GET "/" for 127.0.0.1 at 2018-10-02 11:53:08 +0530
Processing by WelcomeController#index as HTML
  [1m[36mUser Load (0.2ms)[0m  [1m[34mSELECT  "users".* FROM "users" WHERE "users"."id" = ? ORDER BY "users"."id" ASC LIMIT ?[0m  [["id", 1], ["LIMIT", 1]]
  ↳ /home/anviam/.rvm/gems/ruby-2.3.1@stock/gems/activerecord-5.2.1/lib/active_record/log_subscriber.rb:98
  Rendering welcome/index.html.erb within layouts/application
  Rendered welcome/index.html.erb within layouts/application (0.6ms)
Completed 500 Internal Server Error in 29ms (ActiveRecord: 0.2ms)


  
ActionView::Template::Error (The asset "apple-touch-icon-114x114-precomposed.png" is not present in the asset pipeline.):
    16: 
    17:     <!-- For iPhone with high-resolution Retina display: -->
    18:     <!-- Size should be 114 x 114 pixels -->
    19:     <%= favicon_link_tag 'apple-touch-icon-114x114-precomposed.png', :rel => 'apple-touch-icon-precomposed', :type => 'image/png', :sizes => '114x114' %>
    20: 
    21:     <!-- For first- and second-generation iPad: -->
    22:     <!-- Size should be 72 x 72 pixels -->
  
app/views/layouts/application.html.erb:19:in `_app_views_layouts_application_html_erb___2124772181960498906_70289807025660'
Started GET "/" for 127.0.0.1 at 2018-10-02 11:53:19 +0530
Processing by WelcomeController#index as HTML
  [1m[36mUser Load (0.4ms)[0m  [1m[34mSELECT  "users".* FROM "users" WHERE "users"."id" = ? ORDER BY "users"."id" ASC LIMIT ?[0m  [["id", 1], ["LIMIT", 1]]
  ↳ /home/anviam/.rvm/gems/ruby-2.3.1@stock/gems/activerecord-5.2.1/lib/active_record/log_subscriber.rb:98
  Rendering welcome/index.html.erb within layouts/application
  Rendered welcome/index.html.erb within layouts/application (1.8ms)
Completed 500 Internal Server Error in 30ms (ActiveRecord: 0.4ms)


  
ActionView::Template::Error (The asset "apple-touch-icon-72x72-precomposed.png" is not present in the asset pipeline.):
    20: 
    21:     <!-- For first- and second-generation iPad: -->
    22:     <!-- Size should be 72 x 72 pixels -->
    23:     <%= favicon_link_tag 'apple-touch-icon-72x72-precomposed.png', :rel => 'apple-touch-icon-precomposed', :type => 'image/png', :sizes => '72x72' %>
    24: 
    25:     <!-- For non-Retina iPhone, iPod Touch, and Android 2.1+ devices: -->
    26:     <!-- Size should be 57 x 57 pixels -->
  
app/views/layouts/application.html.erb:23:in `_app_views_layouts_application_html_erb___2124772181960498906_70289793716580'
Started GET "/" for 127.0.0.1 at 2018-10-02 11:53:25 +0530
Processing by WelcomeController#index as HTML
  [1m[36mUser Load (0.4ms)[0m  [1m[34mSELECT  "users".* FROM "users" WHERE "users"."id" = ? ORDER BY "users"."id" ASC LIMIT ?[0m  [["id", 1], ["LIMIT", 1]]
  ↳ /home/anviam/.rvm/gems/ruby-2.3.1@stock/gems/activerecord-5.2.1/lib/active_record/log_subscriber.rb:98
  Rendering welcome/index.html.erb within layouts/application
  Rendered welcome/index.html.erb within layouts/application (1.2ms)
Completed 500 Internal Server Error in 31ms (ActiveRecord: 0.4ms)


  
ActionView::Template::Error (The asset "apple-touch-icon-72x72-precomposed.png" is not present in the asset pipeline.):
    20: 
    21:     <!-- For first- and second-generation iPad: -->
    22:     <!-- Size should be 72 x 72 pixels -->
    23:     <%= favicon_link_tag 'apple-touch-icon-72x72-precomposed.png', :rel => 'apple-touch-icon-precomposed', :type => 'image/png', :sizes => '72x72' %>
    24: 
    25:     <!-- For non-Retina iPhone, iPod Touch, and Android 2.1+ devices: -->
    26:     <!-- Size should be 57 x 57 pixels -->
  
app/views/layouts/application.html.erb:23:in `_app_views_layouts_application_html_erb___2124772181960498906_70289723585140'
Started GET "/" for 127.0.0.1 at 2018-10-02 11:53:32 +0530
Processing by WelcomeController#index as HTML
  [1m[36mUser Load (0.4ms)[0m  [1m[34mSELECT  "users".* FROM "users" WHERE "users"."id" = ? ORDER BY "users"."id" ASC LIMIT ?[0m  [["id", 1], ["LIMIT", 1]]
  ↳ /home/anviam/.rvm/gems/ruby-2.3.1@stock/gems/activerecord-5.2.1/lib/active_record/log_subscriber.rb:98
  Rendering welcome/index.html.erb within layouts/application
  Rendered welcome/index.html.erb within layouts/application (0.9ms)
Completed 500 Internal Server Error in 25ms (ActiveRecord: 0.4ms)


  
ActionView::Template::Error (The asset "apple-touch-icon-72x72-precomposed.png" is not present in the asset pipeline.):
    20: 
    21:     <!-- For first- and second-generation iPad: -->
    22:     <!-- Size should be 72 x 72 pixels -->
    23:     <%= favicon_link_tag 'apple-touch-icon-72x72-precomposed.png', :rel => 'apple-touch-icon-precomposed', :type => 'image/png', :sizes => '72x72' %>
    24: 
    25:     <!-- For non-Retina iPhone, iPod Touch, and Android 2.1+ devices: -->
    26:     <!-- Size should be 57 x 57 pixels -->
  
app/views/layouts/application.html.erb:23:in `_app_views_layouts_application_html_erb___2124772181960498906_70289796528540'
Started GET "/" for 127.0.0.1 at 2018-10-02 11:53:52 +0530
  [1m[35m (0.2ms)[0m  [1m[34mSELECT "schema_migrations"."version" FROM "schema_migrations" ORDER BY "schema_migrations"."version" ASC[0m
  ↳ /home/anviam/.rvm/gems/ruby-2.3.1@stock/gems/activerecord-5.2.1/lib/active_record/log_subscriber.rb:98
Processing by WelcomeController#index as HTML
  [1m[36mUser Load (0.2ms)[0m  [1m[34mSELECT  "users".* FROM "users" WHERE "users"."id" = ? ORDER BY "users"."id" ASC LIMIT ?[0m  [["id", 1], ["LIMIT", 1]]
  ↳ /home/anviam/.rvm/gems/ruby-2.3.1@stock/gems/activerecord-5.2.1/lib/active_record/log_subscriber.rb:98
  Rendering welcome/index.html.erb within layouts/application
  Rendered welcome/index.html.erb within layouts/application (0.8ms)
Completed 200 OK in 227ms (Views: 204.9ms | ActiveRecord: 0.7ms)


Started GET "/path1" for 127.0.0.1 at 2018-10-02 11:53:59 +0530
  
ActionController::RoutingError (No route matches [GET] "/path1"):
  
actionpack (5.2.1) lib/action_dispatch/middleware/debug_exceptions.rb:65:in `call'
web-console (3.7.0) lib/web_console/middleware.rb:135:in `call_app'
web-console (3.7.0) lib/web_console/middleware.rb:30:in `block in call'
web-console (3.7.0) lib/web_console/middleware.rb:20:in `catch'
web-console (3.7.0) lib/web_console/middleware.rb:20:in `call'
actionpack (5.2.1) lib/action_dispatch/middleware/show_exceptions.rb:33:in `call'
railties (5.2.1) lib/rails/rack/logger.rb:38:in `call_app'
railties (5.2.1) lib/rails/rack/logger.rb:26:in `block in call'
activesupport (5.2.1) lib/active_support/tagged_logging.rb:71:in `block in tagged'
activesupport (5.2.1) lib/active_support/tagged_logging.rb:28:in `tagged'
activesupport (5.2.1) lib/active_support/tagged_logging.rb:71:in `tagged'
railties (5.2.1) lib/rails/rack/logger.rb:26:in `call'
sprockets-rails (3.2.1) lib/sprockets/rails/quiet_assets.rb:13:in `call'
actionpack (5.2.1) lib/action_dispatch/middleware/remote_ip.rb:81:in `call'
actionpack (5.2.1) lib/action_dispatch/middleware/request_id.rb:27:in `call'
rack (2.0.5) lib/rack/method_override.rb:22:in `call'
rack (2.0.5) lib/rack/runtime.rb:22:in `call'
activesupport (5.2.1) lib/active_support/cache/strategy/local_cache_middleware.rb:29:in `call'
actionpack (5.2.1) lib/action_dispatch/middleware/executor.rb:14:in `call'
actionpack (5.2.1) lib/action_dispatch/middleware/static.rb:127:in `call'
rack (2.0.5) lib/rack/sendfile.rb:111:in `call'
railties (5.2.1) lib/rails/engine.rb:524:in `call'
puma (3.12.0) lib/puma/configuration.rb:225:in `call'
puma (3.12.0) lib/puma/server.rb:658:in `handle_request'
puma (3.12.0) lib/puma/server.rb:472:in `process_client'
puma (3.12.0) lib/puma/server.rb:332:in `block in run'
puma (3.12.0) lib/puma/thread_pool.rb:133:in `block in spawn_thread'
Started DELETE "/users/sign_out" for 127.0.0.1 at 2018-10-02 11:54:03 +0530
Processing by Devise::SessionsController#destroy as HTML
  Parameters: {"authenticity_token"=>"eXF/I85zVpagZLLhWy6glv55RF2ODVP/w6tC/m6hnLR6KHqm+kRU2KVy8Z/qXW5xCawA2XSZllCABCtUd0lGtg=="}
  [1m[36mUser Load (0.4ms)[0m  [1m[34mSELECT  "users".* FROM "users" WHERE "users"."id" = ? ORDER BY "users"."id" ASC LIMIT ?[0m  [["id", 1], ["LIMIT", 1]]
  ↳ /home/anviam/.rvm/gems/ruby-2.3.1@stock/gems/activerecord-5.2.1/lib/active_record/log_subscriber.rb:98
  [1m[35m (0.1ms)[0m  [1m[36mbegin transaction[0m
  ↳ /home/anviam/.rvm/gems/ruby-2.3.1@stock/gems/activerecord-5.2.1/lib/active_record/log_subscriber.rb:98
  [1m[35m (0.1ms)[0m  [1m[36mcommit transaction[0m
  ↳ /home/anviam/.rvm/gems/ruby-2.3.1@stock/gems/activerecord-5.2.1/lib/active_record/log_subscriber.rb:98
Redirected to http://localhost:3000/
Completed 302 Found in 24ms (ActiveRecord: 0.6ms)


Started GET "/" for 127.0.0.1 at 2018-10-02 11:54:03 +0530
Processing by WelcomeController#index as HTML
Completed 401 Unauthorized in 4ms (ActiveRecord: 0.0ms)


Started GET "/users/sign_in" for 127.0.0.1 at 2018-10-02 11:54:03 +0530
Processing by Devise::SessionsController#new as HTML
  Rendering devise/sessions/new.html.erb within layouts/application
  Rendered devise/shared/_links.html.erb (1.6ms)
  Rendered devise/sessions/new.html.erb within layouts/application (7.6ms)
Completed 200 OK in 57ms (Views: 54.9ms | ActiveRecord: 0.0ms)


Started GET "/path1" for 127.0.0.1 at 2018-10-02 11:54:08 +0530
  
ActionController::RoutingError (No route matches [GET] "/path1"):
  
actionpack (5.2.1) lib/action_dispatch/middleware/debug_exceptions.rb:65:in `call'
web-console (3.7.0) lib/web_console/middleware.rb:135:in `call_app'
web-console (3.7.0) lib/web_console/middleware.rb:30:in `block in call'
web-console (3.7.0) lib/web_console/middleware.rb:20:in `catch'
web-console (3.7.0) lib/web_console/middleware.rb:20:in `call'
actionpack (5.2.1) lib/action_dispatch/middleware/show_exceptions.rb:33:in `call'
railties (5.2.1) lib/rails/rack/logger.rb:38:in `call_app'
railties (5.2.1) lib/rails/rack/logger.rb:26:in `block in call'
activesupport (5.2.1) lib/active_support/tagged_logging.rb:71:in `block in tagged'
activesupport (5.2.1) lib/active_support/tagged_logging.rb:28:in `tagged'
activesupport (5.2.1) lib/active_support/tagged_logging.rb:71:in `tagged'
railties (5.2.1) lib/rails/rack/logger.rb:26:in `call'
sprockets-rails (3.2.1) lib/sprockets/rails/quiet_assets.rb:13:in `call'
actionpack (5.2.1) lib/action_dispatch/middleware/remote_ip.rb:81:in `call'
actionpack (5.2.1) lib/action_dispatch/middleware/request_id.rb:27:in `call'
rack (2.0.5) lib/rack/method_override.rb:22:in `call'
rack (2.0.5) lib/rack/runtime.rb:22:in `call'
activesupport (5.2.1) lib/active_support/cache/strategy/local_cache_middleware.rb:29:in `call'
actionpack (5.2.1) lib/action_dispatch/middleware/executor.rb:14:in `call'
actionpack (5.2.1) lib/action_dispatch/middleware/static.rb:127:in `call'
rack (2.0.5) lib/rack/sendfile.rb:111:in `call'
railties (5.2.1) lib/rails/engine.rb:524:in `call'
puma (3.12.0) lib/puma/configuration.rb:225:in `call'
puma (3.12.0) lib/puma/server.rb:658:in `handle_request'
puma (3.12.0) lib/puma/server.rb:472:in `process_client'
puma (3.12.0) lib/puma/server.rb:332:in `block in run'
puma (3.12.0) lib/puma/thread_pool.rb:133:in `block in spawn_thread'
Started GET "/users/sign_in" for 127.0.0.1 at 2018-10-02 12:04:36 +0530
  [1m[35m (0.1ms)[0m  [1m[34mSELECT "schema_migrations"."version" FROM "schema_migrations" ORDER BY "schema_migrations"."version" ASC[0m
  ↳ /home/anviam/.rvm/gems/ruby-2.3.1@stock/gems/activerecord-5.2.1/lib/active_record/log_subscriber.rb:98
Processing by Devise::SessionsController#new as HTML
  Rendering devise/sessions/new.html.erb within layouts/application
  Rendered devise/shared/_links.html.erb (1.6ms)
  Rendered devise/sessions/new.html.erb within layouts/application (16.6ms)
Completed 200 OK in 204ms (Views: 181.2ms | ActiveRecord: 0.8ms)


Started POST "/users/sign_in" for 127.0.0.1 at 2018-10-02 12:04:41 +0530
Processing by Devise::SessionsController#create as HTML
  Parameters: {"utf8"=>"✓", "authenticity_token"=>"W5XZWabzVTW+Xm06Uy2Bn02Wu8I+AcC67MqcfvvSAtAkdDpclc34tpeIfq/Cic9VT+qEsOC+BI/7m1fV5TIkyw==", "user"=>{"email"=>"ali@anviam.com", "password"=>"[FILTERED]", "remember_me"=>"0"}, "commit"=>"Log in"}
  [1m[36mUser Load (0.4ms)[0m  [1m[34mSELECT  "users".* FROM "users" WHERE "users"."email" = ? ORDER BY "users"."id" ASC LIMIT ?[0m  [["email", "ali@anviam.com"], ["LIMIT", 1]]
  ↳ /home/anviam/.rvm/gems/ruby-2.3.1@stock/gems/activerecord-5.2.1/lib/active_record/log_subscriber.rb:98
Redirected to http://localhost:3000/
Completed 302 Found in 166ms (ActiveRecord: 0.4ms)


Started GET "/" for 127.0.0.1 at 2018-10-02 12:04:42 +0530
Processing by WelcomeController#index as HTML
  [1m[36mUser Load (0.2ms)[0m  [1m[34mSELECT  "users".* FROM "users" WHERE "users"."id" = ? ORDER BY "users"."id" ASC LIMIT ?[0m  [["id", 1], ["LIMIT", 1]]
  ↳ /home/anviam/.rvm/gems/ruby-2.3.1@stock/gems/activerecord-5.2.1/lib/active_record/log_subscriber.rb:98
  Rendering welcome/index.html.erb within layouts/application
  Rendered welcome/index.html.erb within layouts/application (0.5ms)
Completed 200 OK in 24ms (Views: 21.3ms | ActiveRecord: 0.2ms)


Started GET "/" for 127.0.0.1 at 2018-10-02 12:05:18 +0530
Processing by WelcomeController#index as HTML
  [1m[36mUser Load (0.7ms)[0m  [1m[34mSELECT  "users".* FROM "users" WHERE "users"."id" = ? ORDER BY "users"."id" ASC LIMIT ?[0m  [["id", 1], ["LIMIT", 1]]
  ↳ /home/anviam/.rvm/gems/ruby-2.3.1@stock/gems/activerecord-5.2.1/lib/active_record/log_subscriber.rb:98
  Rendering welcome/index.html.erb within layouts/application
  Rendered welcome/index.html.erb within layouts/application (1.9ms)
Completed 200 OK in 55ms (Views: 49.1ms | ActiveRecord: 0.7ms)


Started GET "/" for 127.0.0.1 at 2018-10-02 12:05:19 +0530
Processing by WelcomeController#index as HTML
  [1m[36mUser Load (1.1ms)[0m  [1m[34mSELECT  "users".* FROM "users" WHERE "users"."id" = ? ORDER BY "users"."id" ASC LIMIT ?[0m  [["id", 1], ["LIMIT", 1]]
  ↳ /home/anviam/.rvm/gems/ruby-2.3.1@stock/gems/activerecord-5.2.1/lib/active_record/log_subscriber.rb:98
  Rendering welcome/index.html.erb within layouts/application
  Rendered welcome/index.html.erb within layouts/application (1.3ms)
Completed 200 OK in 71ms (Views: 61.4ms | ActiveRecord: 1.1ms)


Started GET "/" for 127.0.0.1 at 2018-10-02 12:05:26 +0530
Processing by WelcomeController#index as HTML
  [1m[36mUser Load (0.3ms)[0m  [1m[34mSELECT  "users".* FROM "users" WHERE "users"."id" = ? ORDER BY "users"."id" ASC LIMIT ?[0m  [["id", 1], ["LIMIT", 1]]
  ↳ /home/anviam/.rvm/gems/ruby-2.3.1@stock/gems/activerecord-5.2.1/lib/active_record/log_subscriber.rb:98
  Rendering welcome/index.html.erb within layouts/application
  Rendered welcome/index.html.erb within layouts/application (0.6ms)
Completed 200 OK in 56ms (Views: 52.0ms | ActiveRecord: 0.3ms)


Started DELETE "/users/sign_out" for 127.0.0.1 at 2018-10-02 12:05:50 +0530
Processing by Devise::SessionsController#destroy as HTML
  Parameters: {"authenticity_token"=>"W6AECLf02WWnXP+/eGTNjUwh7ZFZfbM7RJTc8tnCk9f11qX/1XsE5iNJyMw2hlM1R9DaUEz+ULoW+zg3pJllgA=="}
  [1m[36mUser Load (0.2ms)[0m  [1m[34mSELECT  "users".* FROM "users" WHERE "users"."id" = ? ORDER BY "users"."id" ASC LIMIT ?[0m  [["id", 1], ["LIMIT", 1]]
  ↳ /home/anviam/.rvm/gems/ruby-2.3.1@stock/gems/activerecord-5.2.1/lib/active_record/log_subscriber.rb:98
  [1m[35m (0.1ms)[0m  [1m[36mbegin transaction[0m
  ↳ /home/anviam/.rvm/gems/ruby-2.3.1@stock/gems/activerecord-5.2.1/lib/active_record/log_subscriber.rb:98
  [1m[35m (0.0ms)[0m  [1m[36mcommit transaction[0m
  ↳ /home/anviam/.rvm/gems/ruby-2.3.1@stock/gems/activerecord-5.2.1/lib/active_record/log_subscriber.rb:98
Redirected to http://localhost:3000/
Completed 302 Found in 15ms (ActiveRecord: 0.3ms)


Started GET "/" for 127.0.0.1 at 2018-10-02 12:05:50 +0530
Processing by WelcomeController#index as HTML
Completed 401 Unauthorized in 1ms (ActiveRecord: 0.0ms)


Started GET "/users/sign_in" for 127.0.0.1 at 2018-10-02 12:05:50 +0530
Processing by Devise::SessionsController#new as HTML
  Rendering devise/sessions/new.html.erb within layouts/application
  Rendered devise/shared/_links.html.erb (1.7ms)
  Rendered devise/sessions/new.html.erb within layouts/application (5.2ms)
Completed 200 OK in 47ms (Views: 45.1ms | ActiveRecord: 0.0ms)


Started GET "/" for 127.0.0.1 at 2018-10-02 12:38:53 +0530
  [1m[35m (0.3ms)[0m  [1m[34mSELECT "schema_migrations"."version" FROM "schema_migrations" ORDER BY "schema_migrations"."version" ASC[0m
  ↳ /home/anviam/.rvm/gems/ruby-2.3.1@stock1/gems/activerecord-5.2.1/lib/active_record/log_subscriber.rb:98
Processing by WelcomeController#index as HTML
Completed 401 Unauthorized in 14ms (ActiveRecord: 0.0ms)


Started GET "/users/sign_in" for 127.0.0.1 at 2018-10-02 12:38:53 +0530
Processing by Devise::SessionsController#new as HTML
  Rendering devise/sessions/new.html.erb within layouts/application
  Rendered devise/shared/_links.html.erb (1.3ms)
  Rendered devise/sessions/new.html.erb within layouts/application (21.2ms)
Completed 200 OK in 325ms (Views: 313.5ms | ActiveRecord: 0.6ms)


  [1m[35m (1435.8ms)[0m  [1m[35mCREATE DATABASE "stock_dev" ENCODING = 'unicode'[0m
  ↳ /home/anviam/.rvm/gems/ruby-2.4.4@stock/bin/rake:23
  [1m[35m (953.0ms)[0m  [1m[35mCREATE DATABASE "stock_test" ENCODING = 'unicode'[0m
  ↳ /home/anviam/.rvm/gems/ruby-2.4.4@stock/bin/rake:23
  [1m[35m (200.8ms)[0m  [1m[35mCREATE TABLE "schema_migrations" ("version" character varying NOT NULL PRIMARY KEY)[0m
  ↳ /home/anviam/.rvm/gems/ruby-2.4.4@stock/bin/rake:23
  [1m[35m (128.6ms)[0m  [1m[35mCREATE TABLE "ar_internal_metadata" ("key" character varying NOT NULL PRIMARY KEY, "value" character varying, "created_at" timestamp NOT NULL, "updated_at" timestamp NOT NULL)[0m
  ↳ /home/anviam/.rvm/gems/ruby-2.4.4@stock/bin/rake:23
  [1m[35m (0.8ms)[0m  [1m[34mSELECT pg_try_advisory_lock(3552431883979102215)[0m
  ↳ /home/anviam/.rvm/gems/ruby-2.4.4@stock/bin/rake:23
  [1m[35m (1.2ms)[0m  [1m[34mSELECT "schema_migrations"."version" FROM "schema_migrations" ORDER BY "schema_migrations"."version" ASC[0m
  ↳ /home/anviam/.rvm/gems/ruby-2.4.4@stock/bin/rake:23
Migrating to DeviseCreateUsers (20181002054712)
  [1m[35m (0.4ms)[0m  [1m[35mBEGIN[0m
  ↳ /home/anviam/.rvm/gems/ruby-2.4.4@stock/bin/rake:23
  [1m[35m (116.4ms)[0m  [1m[35mCREATE TABLE "users" ("id" bigserial primary key, "email" character varying DEFAULT '' NOT NULL, "encrypted_password" character varying DEFAULT '' NOT NULL, "reset_password_token" character varying, "reset_password_sent_at" timestamp, "remember_created_at" timestamp, "created_at" timestamp NOT NULL, "updated_at" timestamp NOT NULL)[0m
  ↳ db/migrate/20181002054712_devise_create_users.rb:5
  [1m[35m (59.2ms)[0m  [1m[35mCREATE UNIQUE INDEX  "index_users_on_email" ON "users"  ("email")[0m
  ↳ db/migrate/20181002054712_devise_create_users.rb:39
  [1m[35m (56.6ms)[0m  [1m[35mCREATE UNIQUE INDEX  "index_users_on_reset_password_token" ON "users"  ("reset_password_token")[0m
  ↳ db/migrate/20181002054712_devise_create_users.rb:40
  [1m[36mActiveRecord::SchemaMigration Create (0.5ms)[0m  [1m[32mINSERT INTO "schema_migrations" ("version") VALUES ($1) RETURNING "version"[0m  [["version", "20181002054712"]]
  ↳ /home/anviam/.rvm/gems/ruby-2.4.4@stock/bin/rake:23
  [1m[35m (31.1ms)[0m  [1m[35mCOMMIT[0m
  ↳ /home/anviam/.rvm/gems/ruby-2.4.4@stock/bin/rake:23
  [1m[36mActiveRecord::InternalMetadata Load (0.9ms)[0m  [1m[34mSELECT  "ar_internal_metadata".* FROM "ar_internal_metadata" WHERE "ar_internal_metadata"."key" = $1 LIMIT $2[0m  [["key", "environment"], ["LIMIT", 1]]
  ↳ /home/anviam/.rvm/gems/ruby-2.4.4@stock/bin/rake:23
  [1m[35m (0.4ms)[0m  [1m[35mBEGIN[0m
  ↳ /home/anviam/.rvm/gems/ruby-2.4.4@stock/bin/rake:23
  [1m[36mActiveRecord::InternalMetadata Create (1.0ms)[0m  [1m[32mINSERT INTO "ar_internal_metadata" ("key", "value", "created_at", "updated_at") VALUES ($1, $2, $3, $4) RETURNING "key"[0m  [["key", "environment"], ["value", "development"], ["created_at", "2018-10-02 09:17:47.921794"], ["updated_at", "2018-10-02 09:17:47.921794"]]
  ↳ /home/anviam/.rvm/gems/ruby-2.4.4@stock/bin/rake:23
  [1m[35m (26.7ms)[0m  [1m[35mCOMMIT[0m
  ↳ /home/anviam/.rvm/gems/ruby-2.4.4@stock/bin/rake:23
  [1m[35m (0.7ms)[0m  [1m[34mSELECT pg_advisory_unlock(3552431883979102215)[0m
  ↳ /home/anviam/.rvm/gems/ruby-2.4.4@stock/bin/rake:23
  [1m[35m (0.8ms)[0m  [1m[34mSELECT "schema_migrations"."version" FROM "schema_migrations" ORDER BY "schema_migrations"."version" ASC[0m
  ↳ /home/anviam/.rvm/gems/ruby-2.4.4@stock/bin/rake:23
Started GET "/" for 127.0.0.1 at 2018-10-02 14:47:57 +0530
  [1m[35m (1.1ms)[0m  [1m[34mSELECT "schema_migrations"."version" FROM "schema_migrations" ORDER BY "schema_migrations"."version" ASC[0m
  ↳ /home/anviam/.rvm/gems/ruby-2.4.4@stock/gems/activerecord-5.2.1/lib/active_record/log_subscriber.rb:98
Processing by WelcomeController#index as HTML
Completed 401 Unauthorized in 14ms (ActiveRecord: 0.0ms)


Started GET "/users/sign_in" for 127.0.0.1 at 2018-10-02 14:47:57 +0530
Processing by Devise::SessionsController#new as HTML
  Rendering devise/sessions/new.html.erb within layouts/application
  Rendered devise/shared/_links.html.erb (1.6ms)
  Rendered devise/sessions/new.html.erb within layouts/application (21.7ms)
Completed 200 OK in 614ms (Views: 594.8ms | ActiveRecord: 3.8ms)


Started GET "/users/sign_up" for 127.0.0.1 at 2018-10-02 14:48:01 +0530
Processing by Devise::RegistrationsController#new as HTML
  Rendering devise/registrations/new.html.erb within layouts/application
  Rendered devise/shared/_links.html.erb (1.6ms)
  Rendered devise/registrations/new.html.erb within layouts/application (7.0ms)
Completed 200 OK in 46ms (Views: 44.9ms | ActiveRecord: 0.0ms)


Started POST "/users" for 127.0.0.1 at 2018-10-02 14:48:11 +0530
Processing by Devise::RegistrationsController#create as HTML
  Parameters: {"utf8"=>"✓", "authenticity_token"=>"dOVqF/E3tpLwv/8dRhTVevwp2ReMq+1Rn309cGfP1Uzp8pGxlrRHKUEhBFWnNCALKH6HXyOUAakIezRhtptCCA==", "user"=>{"email"=>"ali@anviam.com", "password"=>"[FILTERED]", "password_confirmation"=>"[FILTERED]"}, "commit"=>"Sign up"}
  [1m[35m (0.2ms)[0m  [1m[35mBEGIN[0m
  ↳ /home/anviam/.rvm/gems/ruby-2.4.4@stock/gems/activerecord-5.2.1/lib/active_record/log_subscriber.rb:98
  [1m[36mUser Exists (0.5ms)[0m  [1m[34mSELECT  1 AS one FROM "users" WHERE "users"."email" = $1 LIMIT $2[0m  [["email", "ali@anviam.com"], ["LIMIT", 1]]
  ↳ /home/anviam/.rvm/gems/ruby-2.4.4@stock/gems/activerecord-5.2.1/lib/active_record/log_subscriber.rb:98
  [1m[36mUser Create (0.5ms)[0m  [1m[32mINSERT INTO "users" ("email", "encrypted_password", "created_at", "updated_at") VALUES ($1, $2, $3, $4) RETURNING "id"[0m  [["email", "ali@anviam.com"], ["encrypted_password", "$2a$11$8T8v/Y8sIlZ1WSmMlYFL1u7i00MYJ/YXUkxqNJmTHHT06xy37.B2y"], ["created_at", "2018-10-02 09:18:12.065279"], ["updated_at", "2018-10-02 09:18:12.065279"]]
  ↳ /home/anviam/.rvm/gems/ruby-2.4.4@stock/gems/activerecord-5.2.1/lib/active_record/log_subscriber.rb:98
  [1m[35m (25.0ms)[0m  [1m[35mCOMMIT[0m
  ↳ /home/anviam/.rvm/gems/ruby-2.4.4@stock/gems/activerecord-5.2.1/lib/active_record/log_subscriber.rb:98
Redirected to http://localhost:3000/
Completed 302 Found in 177ms (ActiveRecord: 26.2ms)


Started GET "/" for 127.0.0.1 at 2018-10-02 14:48:12 +0530
Processing by WelcomeController#index as HTML
  [1m[36mUser Load (0.5ms)[0m  [1m[34mSELECT  "users".* FROM "users" WHERE "users"."id" = $1 ORDER BY "users"."id" ASC LIMIT $2[0m  [["id", 1], ["LIMIT", 1]]
  ↳ /home/anviam/.rvm/gems/ruby-2.4.4@stock/gems/activerecord-5.2.1/lib/active_record/log_subscriber.rb:98
  Rendering welcome/index.html.erb within layouts/application
  Rendered welcome/index.html.erb within layouts/application (0.5ms)
Completed 200 OK in 44ms (Views: 39.4ms | ActiveRecord: 0.5ms)


Started DELETE "/users/sign_out" for 127.0.0.1 at 2018-10-02 14:48:14 +0530
Processing by Devise::SessionsController#destroy as HTML
  Parameters: {"authenticity_token"=>"1Ffih3CnZeMe+BaIUosbkoG4sQabelFc1TdoWKK3QtuAd3LelBUmMmNCwrO+C7CcvM2g5H++ElMSgfZyjPJ0jA=="}
  [1m[36mUser Load (0.9ms)[0m  [1m[34mSELECT  "users".* FROM "users" WHERE "users"."id" = $1 ORDER BY "users"."id" ASC LIMIT $2[0m  [["id", 1], ["LIMIT", 1]]
  ↳ /home/anviam/.rvm/gems/ruby-2.4.4@stock/gems/activerecord-5.2.1/lib/active_record/log_subscriber.rb:98
  [1m[35m (0.3ms)[0m  [1m[35mBEGIN[0m
  ↳ /home/anviam/.rvm/gems/ruby-2.4.4@stock/gems/activerecord-5.2.1/lib/active_record/log_subscriber.rb:98
  [1m[35m (0.3ms)[0m  [1m[35mCOMMIT[0m
  ↳ /home/anviam/.rvm/gems/ruby-2.4.4@stock/gems/activerecord-5.2.1/lib/active_record/log_subscriber.rb:98
Redirected to http://localhost:3000/
Completed 302 Found in 18ms (ActiveRecord: 1.6ms)


Started GET "/" for 127.0.0.1 at 2018-10-02 14:48:14 +0530
Processing by WelcomeController#index as HTML
Completed 401 Unauthorized in 1ms (ActiveRecord: 0.0ms)


Started GET "/users/sign_in" for 127.0.0.1 at 2018-10-02 14:48:14 +0530
Processing by Devise::SessionsController#new as HTML
  Rendering devise/sessions/new.html.erb within layouts/application
  Rendered devise/shared/_links.html.erb (2.0ms)
  Rendered devise/sessions/new.html.erb within layouts/application (6.7ms)
Completed 200 OK in 42ms (Views: 40.5ms | ActiveRecord: 0.0ms)


